12/09/2022 06:29:32 PM | INFO : Changing to directory: /home/adagudelo/pyangel/UDGIT/git_sgc_rep
12/09/2022 06:29:32 PM | INFO : Branch used
12/09/2022 06:29:32 PM | INFO : Latest commit (before update) %s
12/09/2022 06:29:32 PM | INFO : Current state of the project
12/09/2022 06:29:32 PM | INFO : Restoring clear state of the repo
12/09/2022 06:29:32 PM | INFO : Git commit
12/09/2022 06:29:32 PM | INFO : Pulling the latest version
12/09/2022 06:29:42 PM | INFO : Latest commit (after update)
12/09/2022 06:38:28 PM | INFO : Changing to directory: /home/adagudelo/pyangel/UDGIT/git_sgc_rep
12/09/2022 06:38:28 PM | INFO : Branch used
12/09/2022 06:38:28 PM | INFO : Latest commit (before update) %s
12/09/2022 06:38:28 PM | INFO : Current state of the project
12/09/2022 06:38:28 PM | INFO : Restoring clear state of the repo
12/09/2022 06:38:28 PM | INFO : Git commit
12/09/2022 06:38:28 PM | INFO : Cannot remove untracked files
12/09/2022 06:41:09 PM | INFO : Changing to directory: /home/adagudelo/pyangel/UDGIT/git_sgc_rep
12/09/2022 06:41:09 PM | INFO : Branch used
12/09/2022 06:41:09 PM | INFO : Latest commit (before update) %s
12/09/2022 06:41:09 PM | INFO : Current state of the project
12/09/2022 06:41:09 PM | INFO : Restoring clear state of the repo
12/09/2022 06:41:09 PM | INFO : Git commit
12/09/2022 06:41:10 PM | INFO : Pulling the latest version
12/09/2022 06:41:26 PM | INFO : Latest commit (after update)
12/09/2022 10:43:58 PM | INFO : Changing to directory: /home/adagudelo/pyangel/UDGIT/git_sgc_rep
12/09/2022 10:43:58 PM | INFO : Branch used
12/09/2022 10:43:58 PM | INFO : Latest commit (before update) %s
12/09/2022 10:43:58 PM | INFO : Current state of the project
12/09/2022 10:43:58 PM | INFO : Restoring clear state of the repo
12/09/2022 10:43:58 PM | INFO : Git commit
12/09/2022 10:43:58 PM | INFO : Pulling the latest version
12/09/2022 10:44:20 PM | INFO : Cannot pull the latest version.
12/09/2022 10:52:32 PM | INFO : Changing to directory: /home/adagudelo/pyangel/UDGIT/git_sgc_rep
12/09/2022 10:52:32 PM | INFO : Branch used
12/09/2022 10:52:32 PM | INFO : Latest commit (before update) %s
12/09/2022 10:52:32 PM | INFO : Current state of the project
12/09/2022 10:52:32 PM | INFO : Restoring clear state of the repo
12/09/2022 10:52:32 PM | INFO : Git commit
12/09/2022 10:52:32 PM | INFO : Cannot remove untracked files
12/09/2022 10:55:34 PM | INFO : Changing to directory: /home/adagudelo/pyangel/UDGIT/git_sgc_rep
12/09/2022 10:55:34 PM | INFO : Branch used
12/09/2022 10:55:34 PM | INFO : Latest commit (before update) %s
12/09/2022 10:55:34 PM | INFO : Current state of the project
12/09/2022 10:55:34 PM | INFO : Restoring clear state of the repo
12/09/2022 10:55:34 PM | INFO : Git commit
12/09/2022 10:55:34 PM | INFO : Cannot remove untracked files
12/09/2022 10:56:31 PM | INFO : Changing to directory: /home/adagudelo/pyangel/UDGIT/git_sgc_rep
12/09/2022 10:56:31 PM | INFO : Branch used
12/09/2022 10:56:31 PM | INFO : Latest commit (before update) %s
12/09/2022 10:56:31 PM | INFO : Current state of the project
12/09/2022 10:56:31 PM | INFO : Restoring clear state of the repo
12/09/2022 10:56:31 PM | INFO : Git commit
12/09/2022 10:56:31 PM | INFO : Cannot remove untracked files
12/09/2022 10:57:16 PM | INFO : Changing to directory: /home/adagudelo/pyangel/UDGIT/git_sgc_rep
12/09/2022 10:57:16 PM | INFO : Branch used
12/09/2022 10:57:16 PM | INFO : Latest commit (before update) %s
12/09/2022 10:57:16 PM | INFO : Current state of the project
12/09/2022 10:57:16 PM | INFO : Restoring clear state of the repo
12/09/2022 10:57:16 PM | INFO : Git commit
12/09/2022 10:57:16 PM | INFO : Pulling the latest version
12/09/2022 10:57:32 PM | INFO : Latest commit (after update)
12/09/2022 10:58:31 PM | INFO : Changing to directory: /home/adagudelo/pyangel/UDGIT/git_sgc_rep
12/09/2022 10:58:31 PM | INFO : Branch used
12/09/2022 10:58:31 PM | INFO : Latest commit (before update) %s
12/09/2022 10:58:31 PM | INFO : Current state of the project
12/09/2022 10:58:31 PM | INFO : Restoring clear state of the repo
12/09/2022 10:58:31 PM | INFO : Git commit
12/09/2022 10:58:31 PM | INFO : Pulling the latest version
12/09/2022 10:58:45 PM | INFO : Latest commit (after update)
12/09/2022 11:01:07 PM | INFO : Changing to directory: /home/adagudelo/pyangel/UDGIT/git_sgc_rep
12/09/2022 11:01:07 PM | INFO : Branch used
12/09/2022 11:01:07 PM | INFO : Latest commit (before update) %s
12/09/2022 11:01:07 PM | INFO : Current state of the project
12/09/2022 11:01:07 PM | INFO : Restoring clear state of the repo
